[INFO ] 2022-07-19 15:53:46.963 :           o.s.n.NativeListener - AOT mode disabled
[INFO ] 2022-07-19 15:53:47.026 :   c.e.l.LoingTestApplicationKt - Starting LoingTestApplicationKt using Java 11.0.15 on AL01366972 with PID 384 (C:\Users\USER\IdeaProjects\loingTest\build\classes\kotlin\main started by USER in C:\Users\USER\IdeaProjects\loingTest)
[INFO ] 2022-07-19 15:53:47.026 :   c.e.l.LoingTestApplicationKt - No active profile set, falling back to 1 default profile: "default"
[INFO ] 2022-07-19 15:53:47.057 : o.s.b.d.e.DevToolsPropertyDefaultsPostProcessor - Devtools property defaults active! Set 'spring.devtools.add-properties' to 'false' to disable
[INFO ] 2022-07-19 15:53:47.057 : o.s.b.d.e.DevToolsPropertyDefaultsPostProcessor - For additional web related logging consider setting the 'logging.level.web' property to 'DEBUG'
[INFO ] 2022-07-19 15:53:47.650 : o.s.d.r.c.RepositoryConfigurationDelegate - Bootstrapping Spring Data JPA repositories in DEFAULT mode.
[INFO ] 2022-07-19 15:53:47.712 : o.s.d.r.c.RepositoryConfigurationDelegate - Finished Spring Data repository scanning in 52 ms. Found 1 JPA repository interfaces.
[INFO ] 2022-07-19 15:53:48.203 :    o.s.b.w.e.t.TomcatWebServer - Tomcat initialized with port(s): 8080 (http)
[INFO ] 2022-07-19 15:53:48.203 :      o.a.c.h.Http11NioProtocol - Initializing ProtocolHandler ["http-nio-8080"]
[INFO ] 2022-07-19 15:53:48.203 :        o.a.c.c.StandardService - Starting service [Tomcat]
[INFO ] 2022-07-19 15:53:48.203 :         o.a.c.c.StandardEngine - Starting Servlet engine: [Apache Tomcat/9.0.64]
[INFO ] 2022-07-19 15:53:48.312 :              o.a.c.c.C.[.[.[/] - Initializing Spring embedded WebApplicationContext
[INFO ] 2022-07-19 15:53:48.312 : o.s.b.w.s.c.ServletWebServerApplicationContext - Root WebApplicationContext: initialization completed in 1239 ms
[INFO ] 2022-07-19 15:53:48.468 :            o.h.j.i.u.LogHelper - HHH000204: Processing PersistenceUnitInfo [name: default]
[INFO ] 2022-07-19 15:53:48.499 :                    o.h.Version - HHH000412: Hibernate ORM core version 5.6.9.Final
[INFO ] 2022-07-19 15:53:48.538 :                o.h.a.c.Version - HCANN000001: Hibernate Commons Annotations {5.1.2.Final}
[INFO ] 2022-07-19 15:53:48.617 :         c.z.h.HikariDataSource - HikariPool-1 - Starting...
[INFO ] 2022-07-19 15:53:48.859 :         c.z.h.HikariDataSource - HikariPool-1 - Start completed.
[INFO ] 2022-07-19 15:53:48.875 :                  o.h.d.Dialect - HHH000400: Using dialect: org.hibernate.dialect.MySQL8Dialect
[INFO ] 2022-07-19 15:53:49.222 : o.h.e.t.j.p.i.JtaPlatformInitiator - HHH000490: Using JtaPlatform implementation: [org.hibernate.engine.transaction.jta.platform.internal.NoJtaPlatform]
[INFO ] 2022-07-19 15:53:49.222 : o.s.o.j.LocalContainerEntityManagerFactoryBean - Initialized JPA EntityManagerFactory for persistence unit 'default'
[WARN ] 2022-07-19 15:53:49.519 : o.s.b.a.o.j.JpaBaseConfiguration$JpaWebConfiguration - spring.jpa.open-in-view is enabled by default. Therefore, database queries may be performed during view rendering. Explicitly configure spring.jpa.open-in-view to disable this warning
[INFO ] 2022-07-19 15:53:49.769 : o.s.b.d.a.OptionalLiveReloadServer - LiveReload server is running on port 35729
[INFO ] 2022-07-19 15:53:49.784 :      o.a.c.h.Http11NioProtocol - Starting ProtocolHandler ["http-nio-8080"]
[INFO ] 2022-07-19 15:53:49.815 :    o.s.b.w.e.t.TomcatWebServer - Tomcat started on port(s): 8080 (http) with context path ''
[INFO ] 2022-07-19 15:53:49.815 :   c.e.l.LoingTestApplicationKt - Started LoingTestApplicationKt in 3.24 seconds (JVM running for 4.259)
[INFO ] 2022-07-19 15:54:05.561 :              o.a.c.c.C.[.[.[/] - Initializing Spring DispatcherServlet 'dispatcherServlet'
[INFO ] 2022-07-19 15:54:05.563 :      o.s.w.s.DispatcherServlet - Initializing Servlet 'dispatcherServlet'
[INFO ] 2022-07-19 15:54:05.564 :      o.s.w.s.DispatcherServlet - Completed initialization in 1 ms
[INFO ] 2022-07-19 15:54:05.680 :         c.e.l.s.MembersService - service 시작
[INFO ] 2022-07-19 15:54:58.094 :         c.e.l.s.MembersService - service 시작
[INFO ] 2022-07-19 15:55:41.195 : o.s.o.j.LocalContainerEntityManagerFactoryBean - Closing JPA EntityManagerFactory for persistence unit 'default'
[INFO ] 2022-07-19 15:55:41.195 :         c.z.h.HikariDataSource - HikariPool-1 - Shutdown initiated...
[INFO ] 2022-07-19 15:55:41.210 :         c.z.h.HikariDataSource - HikariPool-1 - Shutdown completed.
[INFO ] 2022-07-19 15:55:46.321 :           o.s.n.NativeListener - AOT mode disabled
[INFO ] 2022-07-19 15:55:46.376 :   c.e.l.LoingTestApplicationKt - Starting LoingTestApplicationKt using Java 11.0.15 on AL01366972 with PID 12648 (C:\Users\USER\IdeaProjects\loingTest\build\classes\kotlin\main started by USER in C:\Users\USER\IdeaProjects\loingTest)
[INFO ] 2022-07-19 15:55:46.377 :   c.e.l.LoingTestApplicationKt - No active profile set, falling back to 1 default profile: "default"
[INFO ] 2022-07-19 15:55:46.421 : o.s.b.d.e.DevToolsPropertyDefaultsPostProcessor - Devtools property defaults active! Set 'spring.devtools.add-properties' to 'false' to disable
[INFO ] 2022-07-19 15:55:46.421 : o.s.b.d.e.DevToolsPropertyDefaultsPostProcessor - For additional web related logging consider setting the 'logging.level.web' property to 'DEBUG'
[INFO ] 2022-07-19 15:55:47.031 : o.s.d.r.c.RepositoryConfigurationDelegate - Bootstrapping Spring Data JPA repositories in DEFAULT mode.
[INFO ] 2022-07-19 15:55:47.077 : o.s.d.r.c.RepositoryConfigurationDelegate - Finished Spring Data repository scanning in 51 ms. Found 1 JPA repository interfaces.
[INFO ] 2022-07-19 15:55:47.607 :    o.s.b.w.e.t.TomcatWebServer - Tomcat initialized with port(s): 8080 (http)
[INFO ] 2022-07-19 15:55:47.622 :      o.a.c.h.Http11NioProtocol - Initializing ProtocolHandler ["http-nio-8080"]
[INFO ] 2022-07-19 15:55:47.622 :        o.a.c.c.StandardService - Starting service [Tomcat]
[INFO ] 2022-07-19 15:55:47.622 :         o.a.c.c.StandardEngine - Starting Servlet engine: [Apache Tomcat/9.0.64]
[INFO ] 2022-07-19 15:55:47.727 :              o.a.c.c.C.[.[.[/] - Initializing Spring embedded WebApplicationContext
[INFO ] 2022-07-19 15:55:47.727 : o.s.b.w.s.c.ServletWebServerApplicationContext - Root WebApplicationContext: initialization completed in 1305 ms
[INFO ] 2022-07-19 15:55:47.899 :            o.h.j.i.u.LogHelper - HHH000204: Processing PersistenceUnitInfo [name: default]
[INFO ] 2022-07-19 15:55:47.943 :                    o.h.Version - HHH000412: Hibernate ORM core version 5.6.9.Final
[INFO ] 2022-07-19 15:55:47.974 :                o.h.a.c.Version - HCANN000001: Hibernate Commons Annotations {5.1.2.Final}
[INFO ] 2022-07-19 15:55:48.052 :         c.z.h.HikariDataSource - HikariPool-1 - Starting...
[INFO ] 2022-07-19 15:55:48.322 :         c.z.h.HikariDataSource - HikariPool-1 - Start completed.
[INFO ] 2022-07-19 15:55:48.354 :                  o.h.d.Dialect - HHH000400: Using dialect: org.hibernate.dialect.MySQL8Dialect
[INFO ] 2022-07-19 15:55:48.687 : o.h.e.t.j.p.i.JtaPlatformInitiator - HHH000490: Using JtaPlatform implementation: [org.hibernate.engine.transaction.jta.platform.internal.NoJtaPlatform]
[INFO ] 2022-07-19 15:55:48.687 : o.s.o.j.LocalContainerEntityManagerFactoryBean - Initialized JPA EntityManagerFactory for persistence unit 'default'
[WARN ] 2022-07-19 15:55:49.036 : o.s.b.a.o.j.JpaBaseConfiguration$JpaWebConfiguration - spring.jpa.open-in-view is enabled by default. Therefore, database queries may be performed during view rendering. Explicitly configure spring.jpa.open-in-view to disable this warning
[INFO ] 2022-07-19 15:55:49.336 : o.s.b.d.a.OptionalLiveReloadServer - LiveReload server is running on port 35729
[INFO ] 2022-07-19 15:55:49.351 :      o.a.c.h.Http11NioProtocol - Starting ProtocolHandler ["http-nio-8080"]
[INFO ] 2022-07-19 15:55:49.383 :    o.s.b.w.e.t.TomcatWebServer - Tomcat started on port(s): 8080 (http) with context path ''
[INFO ] 2022-07-19 15:55:49.383 :   c.e.l.LoingTestApplicationKt - Started LoingTestApplicationKt in 3.499 seconds (JVM running for 4.533)
[INFO ] 2022-07-19 15:56:00.465 :              o.a.c.c.C.[.[.[/] - Initializing Spring DispatcherServlet 'dispatcherServlet'
[INFO ] 2022-07-19 15:56:00.468 :      o.s.w.s.DispatcherServlet - Initializing Servlet 'dispatcherServlet'
[INFO ] 2022-07-19 15:56:00.470 :      o.s.w.s.DispatcherServlet - Completed initialization in 2 ms
[INFO ] 2022-07-19 15:56:00.578 :      c.e.l.c.MembersController - controller 시작
[INFO ] 2022-07-19 15:56:00.579 :         c.e.l.s.MembersService - service 시작
[WARN ] 2022-07-19 16:22:08.493 : o.s.w.s.m.s.DefaultHandlerExceptionResolver - Resolved [org.springframework.web.HttpRequestMethodNotSupportedException: Request method 'GET' not supported]
[WARN ] 2022-07-19 16:22:19.144 : o.s.w.s.m.s.DefaultHandlerExceptionResolver - Resolved [org.springframework.web.HttpRequestMethodNotSupportedException: Request method 'GET' not supported]
[WARN ] 2022-07-19 16:22:33.138 : o.s.w.s.m.s.DefaultHandlerExceptionResolver - Resolved [org.springframework.web.HttpRequestMethodNotSupportedException: Request method 'GET' not supported]
[INFO ] 2022-07-19 16:25:54.810 : o.s.o.j.LocalContainerEntityManagerFactoryBean - Closing JPA EntityManagerFactory for persistence unit 'default'
[INFO ] 2022-07-19 16:25:54.810 :         c.z.h.HikariDataSource - HikariPool-1 - Shutdown initiated...
[INFO ] 2022-07-19 16:25:54.825 :         c.z.h.HikariDataSource - HikariPool-1 - Shutdown completed.
[INFO ] 2022-07-19 16:26:00.594 :           o.s.n.NativeListener - AOT mode disabled
[INFO ] 2022-07-19 16:26:00.641 :   c.e.l.LoingTestApplicationKt - Starting LoingTestApplicationKt using Java 11.0.15 on AL01366972 with PID 14424 (C:\Users\USER\IdeaProjects\loingTest\build\classes\kotlin\main started by USER in C:\Users\USER\IdeaProjects\loingTest)
[INFO ] 2022-07-19 16:26:00.657 :   c.e.l.LoingTestApplicationKt - No active profile set, falling back to 1 default profile: "default"
[INFO ] 2022-07-19 16:26:00.688 : o.s.b.d.e.DevToolsPropertyDefaultsPostProcessor - Devtools property defaults active! Set 'spring.devtools.add-properties' to 'false' to disable
[INFO ] 2022-07-19 16:26:00.688 : o.s.b.d.e.DevToolsPropertyDefaultsPostProcessor - For additional web related logging consider setting the 'logging.level.web' property to 'DEBUG'
[INFO ] 2022-07-19 16:26:01.286 : o.s.d.r.c.RepositoryConfigurationDelegate - Bootstrapping Spring Data JPA repositories in DEFAULT mode.
[INFO ] 2022-07-19 16:26:01.332 : o.s.d.r.c.RepositoryConfigurationDelegate - Finished Spring Data repository scanning in 48 ms. Found 1 JPA repository interfaces.
[INFO ] 2022-07-19 16:26:01.817 :    o.s.b.w.e.t.TomcatWebServer - Tomcat initialized with port(s): 8080 (http)
[INFO ] 2022-07-19 16:26:01.836 :      o.a.c.h.Http11NioProtocol - Initializing ProtocolHandler ["http-nio-8080"]
[INFO ] 2022-07-19 16:26:01.837 :        o.a.c.c.StandardService - Starting service [Tomcat]
[INFO ] 2022-07-19 16:26:01.837 :         o.a.c.c.StandardEngine - Starting Servlet engine: [Apache Tomcat/9.0.64]
[INFO ] 2022-07-19 16:26:01.933 :              o.a.c.c.C.[.[.[/] - Initializing Spring embedded WebApplicationContext
[INFO ] 2022-07-19 16:26:01.933 : o.s.b.w.s.c.ServletWebServerApplicationContext - Root WebApplicationContext: initialization completed in 1230 ms
[INFO ] 2022-07-19 16:26:02.074 :            o.h.j.i.u.LogHelper - HHH000204: Processing PersistenceUnitInfo [name: default]
[INFO ] 2022-07-19 16:26:02.121 :                    o.h.Version - HHH000412: Hibernate ORM core version 5.6.9.Final
[INFO ] 2022-07-19 16:26:02.152 :                o.h.a.c.Version - HCANN000001: Hibernate Commons Annotations {5.1.2.Final}
[INFO ] 2022-07-19 16:26:02.246 :         c.z.h.HikariDataSource - HikariPool-1 - Starting...
[INFO ] 2022-07-19 16:26:02.464 :         c.z.h.HikariDataSource - HikariPool-1 - Start completed.
[INFO ] 2022-07-19 16:26:02.480 :                  o.h.d.Dialect - HHH000400: Using dialect: org.hibernate.dialect.MySQL8Dialect
[INFO ] 2022-07-19 16:26:02.792 : o.h.e.t.j.p.i.JtaPlatformInitiator - HHH000490: Using JtaPlatform implementation: [org.hibernate.engine.transaction.jta.platform.internal.NoJtaPlatform]
[INFO ] 2022-07-19 16:26:02.808 : o.s.o.j.LocalContainerEntityManagerFactoryBean - Initialized JPA EntityManagerFactory for persistence unit 'default'
[WARN ] 2022-07-19 16:26:03.097 : o.s.b.a.o.j.JpaBaseConfiguration$JpaWebConfiguration - spring.jpa.open-in-view is enabled by default. Therefore, database queries may be performed during view rendering. Explicitly configure spring.jpa.open-in-view to disable this warning
[INFO ] 2022-07-19 16:26:03.347 : o.s.b.d.a.OptionalLiveReloadServer - LiveReload server is running on port 35729
[INFO ] 2022-07-19 16:26:03.362 :      o.a.c.h.Http11NioProtocol - Starting ProtocolHandler ["http-nio-8080"]
[INFO ] 2022-07-19 16:26:03.393 :    o.s.b.w.e.t.TomcatWebServer - Tomcat started on port(s): 8080 (http) with context path ''
[INFO ] 2022-07-19 16:26:03.393 :   c.e.l.LoingTestApplicationKt - Started LoingTestApplicationKt in 3.179 seconds (JVM running for 4.228)
[INFO ] 2022-07-19 16:26:12.407 :              o.a.c.c.C.[.[.[/] - Initializing Spring DispatcherServlet 'dispatcherServlet'
[INFO ] 2022-07-19 16:26:12.423 :      o.s.w.s.DispatcherServlet - Initializing Servlet 'dispatcherServlet'
[INFO ] 2022-07-19 16:26:12.423 :      o.s.w.s.DispatcherServlet - Completed initialization in 0 ms
[INFO ] 2022-07-19 16:26:35.305 : o.s.o.j.LocalContainerEntityManagerFactoryBean - Closing JPA EntityManagerFactory for persistence unit 'default'
[INFO ] 2022-07-19 16:26:35.305 :         c.z.h.HikariDataSource - HikariPool-1 - Shutdown initiated...
[INFO ] 2022-07-19 16:26:35.321 :         c.z.h.HikariDataSource - HikariPool-1 - Shutdown completed.
[INFO ] 2022-07-19 16:26:39.855 :           o.s.n.NativeListener - AOT mode disabled
[INFO ] 2022-07-19 16:26:39.917 :   c.e.l.LoingTestApplicationKt - Starting LoingTestApplicationKt using Java 11.0.15 on AL01366972 with PID 12032 (C:\Users\USER\IdeaProjects\loingTest\build\classes\kotlin\main started by USER in C:\Users\USER\IdeaProjects\loingTest)
[INFO ] 2022-07-19 16:26:39.917 :   c.e.l.LoingTestApplicationKt - No active profile set, falling back to 1 default profile: "default"
[INFO ] 2022-07-19 16:26:39.956 : o.s.b.d.e.DevToolsPropertyDefaultsPostProcessor - Devtools property defaults active! Set 'spring.devtools.add-properties' to 'false' to disable
[INFO ] 2022-07-19 16:26:39.956 : o.s.b.d.e.DevToolsPropertyDefaultsPostProcessor - For additional web related logging consider setting the 'logging.level.web' property to 'DEBUG'
[INFO ] 2022-07-19 16:26:40.557 : o.s.d.r.c.RepositoryConfigurationDelegate - Bootstrapping Spring Data JPA repositories in DEFAULT mode.
[INFO ] 2022-07-19 16:26:40.619 : o.s.d.r.c.RepositoryConfigurationDelegate - Finished Spring Data repository scanning in 51 ms. Found 1 JPA repository interfaces.
[INFO ] 2022-07-19 16:26:41.113 :    o.s.b.w.e.t.TomcatWebServer - Tomcat initialized with port(s): 8080 (http)
[INFO ] 2022-07-19 16:26:41.113 :      o.a.c.h.Http11NioProtocol - Initializing ProtocolHandler ["http-nio-8080"]
[INFO ] 2022-07-19 16:26:41.113 :        o.a.c.c.StandardService - Starting service [Tomcat]
[INFO ] 2022-07-19 16:26:41.113 :         o.a.c.c.StandardEngine - Starting Servlet engine: [Apache Tomcat/9.0.64]
[INFO ] 2022-07-19 16:26:41.222 :              o.a.c.c.C.[.[.[/] - Initializing Spring embedded WebApplicationContext
[INFO ] 2022-07-19 16:26:41.222 : o.s.b.w.s.c.ServletWebServerApplicationContext - Root WebApplicationContext: initialization completed in 1266 ms
[INFO ] 2022-07-19 16:26:41.371 :            o.h.j.i.u.LogHelper - HHH000204: Processing PersistenceUnitInfo [name: default]
[INFO ] 2022-07-19 16:26:41.418 :                    o.h.Version - HHH000412: Hibernate ORM core version 5.6.9.Final
[INFO ] 2022-07-19 16:26:41.449 :                o.h.a.c.Version - HCANN000001: Hibernate Commons Annotations {5.1.2.Final}
[INFO ] 2022-07-19 16:26:41.542 :         c.z.h.HikariDataSource - HikariPool-1 - Starting...
[INFO ] 2022-07-19 16:26:41.761 :         c.z.h.HikariDataSource - HikariPool-1 - Start completed.
[INFO ] 2022-07-19 16:26:41.777 :                  o.h.d.Dialect - HHH000400: Using dialect: org.hibernate.dialect.MySQL8Dialect
[INFO ] 2022-07-19 16:26:42.101 : o.h.e.t.j.p.i.JtaPlatformInitiator - HHH000490: Using JtaPlatform implementation: [org.hibernate.engine.transaction.jta.platform.internal.NoJtaPlatform]
[INFO ] 2022-07-19 16:26:42.116 : o.s.o.j.LocalContainerEntityManagerFactoryBean - Initialized JPA EntityManagerFactory for persistence unit 'default'
[WARN ] 2022-07-19 16:26:42.413 : o.s.b.a.o.j.JpaBaseConfiguration$JpaWebConfiguration - spring.jpa.open-in-view is enabled by default. Therefore, database queries may be performed during view rendering. Explicitly configure spring.jpa.open-in-view to disable this warning
[INFO ] 2022-07-19 16:26:42.663 : o.s.b.d.a.OptionalLiveReloadServer - LiveReload server is running on port 35729
[INFO ] 2022-07-19 16:26:42.679 :      o.a.c.h.Http11NioProtocol - Starting ProtocolHandler ["http-nio-8080"]
[INFO ] 2022-07-19 16:26:42.694 :    o.s.b.w.e.t.TomcatWebServer - Tomcat started on port(s): 8080 (http) with context path ''
[INFO ] 2022-07-19 16:26:42.710 :   c.e.l.LoingTestApplicationKt - Started LoingTestApplicationKt in 3.357 seconds (JVM running for 4.366)
[INFO ] 2022-07-19 16:26:43.973 :              o.a.c.c.C.[.[.[/] - Initializing Spring DispatcherServlet 'dispatcherServlet'
[INFO ] 2022-07-19 16:26:43.973 :      o.s.w.s.DispatcherServlet - Initializing Servlet 'dispatcherServlet'
[INFO ] 2022-07-19 16:26:43.973 :      o.s.w.s.DispatcherServlet - Completed initialization in 0 ms
[INFO ] 2022-07-19 16:29:19.378 : o.s.o.j.LocalContainerEntityManagerFactoryBean - Closing JPA EntityManagerFactory for persistence unit 'default'
[INFO ] 2022-07-19 16:29:19.381 :         c.z.h.HikariDataSource - HikariPool-1 - Shutdown initiated...
[INFO ] 2022-07-19 16:29:19.395 :         c.z.h.HikariDataSource - HikariPool-1 - Shutdown completed.
[INFO ] 2022-07-19 16:29:24.637 :           o.s.n.NativeListener - AOT mode disabled
[INFO ] 2022-07-19 16:29:24.699 :   c.e.l.LoingTestApplicationKt - Starting LoingTestApplicationKt using Java 11.0.15 on AL01366972 with PID 12212 (C:\Users\USER\IdeaProjects\loingTest\build\classes\kotlin\main started by USER in C:\Users\USER\IdeaProjects\loingTest)
[INFO ] 2022-07-19 16:29:24.700 :   c.e.l.LoingTestApplicationKt - No active profile set, falling back to 1 default profile: "default"
[INFO ] 2022-07-19 16:29:24.750 : o.s.b.d.e.DevToolsPropertyDefaultsPostProcessor - Devtools property defaults active! Set 'spring.devtools.add-properties' to 'false' to disable
[INFO ] 2022-07-19 16:29:24.750 : o.s.b.d.e.DevToolsPropertyDefaultsPostProcessor - For additional web related logging consider setting the 'logging.level.web' property to 'DEBUG'
[INFO ] 2022-07-19 16:29:25.420 : o.s.d.r.c.RepositoryConfigurationDelegate - Bootstrapping Spring Data JPA repositories in DEFAULT mode.
[INFO ] 2022-07-19 16:29:25.489 : o.s.d.r.c.RepositoryConfigurationDelegate - Finished Spring Data repository scanning in 60 ms. Found 1 JPA repository interfaces.
[INFO ] 2022-07-19 16:29:26.066 :    o.s.b.w.e.t.TomcatWebServer - Tomcat initialized with port(s): 8080 (http)
[INFO ] 2022-07-19 16:29:26.074 :      o.a.c.h.Http11NioProtocol - Initializing ProtocolHandler ["http-nio-8080"]
[INFO ] 2022-07-19 16:29:26.075 :        o.a.c.c.StandardService - Starting service [Tomcat]
[INFO ] 2022-07-19 16:29:26.075 :         o.a.c.c.StandardEngine - Starting Servlet engine: [Apache Tomcat/9.0.64]
[INFO ] 2022-07-19 16:29:26.179 :              o.a.c.c.C.[.[.[/] - Initializing Spring embedded WebApplicationContext
[INFO ] 2022-07-19 16:29:26.179 : o.s.b.w.s.c.ServletWebServerApplicationContext - Root WebApplicationContext: initialization completed in 1428 ms
[INFO ] 2022-07-19 16:29:26.334 :            o.h.j.i.u.LogHelper - HHH000204: Processing PersistenceUnitInfo [name: default]
[INFO ] 2022-07-19 16:29:26.380 :                    o.h.Version - HHH000412: Hibernate ORM core version 5.6.9.Final
[INFO ] 2022-07-19 16:29:26.417 :                o.h.a.c.Version - HCANN000001: Hibernate Commons Annotations {5.1.2.Final}
[INFO ] 2022-07-19 16:29:26.506 :         c.z.h.HikariDataSource - HikariPool-1 - Starting...
[INFO ] 2022-07-19 16:29:26.745 :         c.z.h.HikariDataSource - HikariPool-1 - Start completed.
[INFO ] 2022-07-19 16:29:26.762 :                  o.h.d.Dialect - HHH000400: Using dialect: org.hibernate.dialect.MySQL8Dialect
[INFO ] 2022-07-19 16:29:27.109 : o.h.e.t.j.p.i.JtaPlatformInitiator - HHH000490: Using JtaPlatform implementation: [org.hibernate.engine.transaction.jta.platform.internal.NoJtaPlatform]
[INFO ] 2022-07-19 16:29:27.117 : o.s.o.j.LocalContainerEntityManagerFactoryBean - Initialized JPA EntityManagerFactory for persistence unit 'default'
[WARN ] 2022-07-19 16:29:27.423 : o.s.b.a.o.j.JpaBaseConfiguration$JpaWebConfiguration - spring.jpa.open-in-view is enabled by default. Therefore, database queries may be performed during view rendering. Explicitly configure spring.jpa.open-in-view to disable this warning
[INFO ] 2022-07-19 16:29:27.696 : o.s.b.d.a.OptionalLiveReloadServer - LiveReload server is running on port 35729
[INFO ] 2022-07-19 16:29:27.709 :      o.a.c.h.Http11NioProtocol - Starting ProtocolHandler ["http-nio-8080"]
[INFO ] 2022-07-19 16:29:27.740 :    o.s.b.w.e.t.TomcatWebServer - Tomcat started on port(s): 8080 (http) with context path ''
[INFO ] 2022-07-19 16:29:27.749 :   c.e.l.LoingTestApplicationKt - Started LoingTestApplicationKt in 3.516 seconds (JVM running for 4.657)
[INFO ] 2022-07-19 16:29:30.409 :              o.a.c.c.C.[.[.[/] - Initializing Spring DispatcherServlet 'dispatcherServlet'
[INFO ] 2022-07-19 16:29:30.410 :      o.s.w.s.DispatcherServlet - Initializing Servlet 'dispatcherServlet'
[INFO ] 2022-07-19 16:29:30.411 :      o.s.w.s.DispatcherServlet - Completed initialization in 1 ms
[INFO ] 2022-07-19 17:20:27.353 : o.s.o.j.LocalContainerEntityManagerFactoryBean - Closing JPA EntityManagerFactory for persistence unit 'default'
[INFO ] 2022-07-19 17:20:27.368 :         c.z.h.HikariDataSource - HikariPool-1 - Shutdown initiated...
[INFO ] 2022-07-19 17:20:27.368 :         c.z.h.HikariDataSource - HikariPool-1 - Shutdown completed.
[INFO ] 2022-07-19 17:20:31.122 :           o.s.n.NativeListener - AOT mode disabled
[INFO ] 2022-07-19 17:20:31.201 :   c.e.l.LoingTestApplicationKt - Starting LoingTestApplicationKt using Java 11.0.15 on AL01366972 with PID 12444 (C:\Users\USER\IdeaProjects\loingTest\build\classes\kotlin\main started by USER in C:\Users\USER\IdeaProjects\loingTest)
[INFO ] 2022-07-19 17:20:31.201 :   c.e.l.LoingTestApplicationKt - No active profile set, falling back to 1 default profile: "default"
[INFO ] 2022-07-19 17:20:31.247 : o.s.b.d.e.DevToolsPropertyDefaultsPostProcessor - Devtools property defaults active! Set 'spring.devtools.add-properties' to 'false' to disable
[INFO ] 2022-07-19 17:20:31.247 : o.s.b.d.e.DevToolsPropertyDefaultsPostProcessor - For additional web related logging consider setting the 'logging.level.web' property to 'DEBUG'
[INFO ] 2022-07-19 17:20:31.841 : o.s.d.r.c.RepositoryConfigurationDelegate - Bootstrapping Spring Data JPA repositories in DEFAULT mode.
[INFO ] 2022-07-19 17:20:31.904 : o.s.d.r.c.RepositoryConfigurationDelegate - Finished Spring Data repository scanning in 53 ms. Found 1 JPA repository interfaces.
[INFO ] 2022-07-19 17:20:32.403 :    o.s.b.w.e.t.TomcatWebServer - Tomcat initialized with port(s): 8080 (http)
[INFO ] 2022-07-19 17:20:32.403 :      o.a.c.h.Http11NioProtocol - Initializing ProtocolHandler ["http-nio-8080"]
[INFO ] 2022-07-19 17:20:32.403 :        o.a.c.c.StandardService - Starting service [Tomcat]
[INFO ] 2022-07-19 17:20:32.403 :         o.a.c.c.StandardEngine - Starting Servlet engine: [Apache Tomcat/9.0.64]
[INFO ] 2022-07-19 17:20:32.520 :              o.a.c.c.C.[.[.[/] - Initializing Spring embedded WebApplicationContext
[INFO ] 2022-07-19 17:20:32.520 : o.s.b.w.s.c.ServletWebServerApplicationContext - Root WebApplicationContext: initialization completed in 1273 ms
[INFO ] 2022-07-19 17:20:32.675 :            o.h.j.i.u.LogHelper - HHH000204: Processing PersistenceUnitInfo [name: default]
[INFO ] 2022-07-19 17:20:32.706 :                    o.h.Version - HHH000412: Hibernate ORM core version 5.6.9.Final
[INFO ] 2022-07-19 17:20:32.753 :                o.h.a.c.Version - HCANN000001: Hibernate Commons Annotations {5.1.2.Final}
[INFO ] 2022-07-19 17:20:32.831 :         c.z.h.HikariDataSource - HikariPool-1 - Starting...
[INFO ] 2022-07-19 17:20:33.061 :         c.z.h.HikariDataSource - HikariPool-1 - Start completed.
[INFO ] 2022-07-19 17:20:33.077 :                  o.h.d.Dialect - HHH000400: Using dialect: org.hibernate.dialect.MySQL8Dialect
[INFO ] 2022-07-19 17:20:33.431 : o.h.e.t.j.p.i.JtaPlatformInitiator - HHH000490: Using JtaPlatform implementation: [org.hibernate.engine.transaction.jta.platform.internal.NoJtaPlatform]
[INFO ] 2022-07-19 17:20:33.431 : o.s.o.j.LocalContainerEntityManagerFactoryBean - Initialized JPA EntityManagerFactory for persistence unit 'default'
[WARN ] 2022-07-19 17:20:33.728 : o.s.b.a.o.j.JpaBaseConfiguration$JpaWebConfiguration - spring.jpa.open-in-view is enabled by default. Therefore, database queries may be performed during view rendering. Explicitly configure spring.jpa.open-in-view to disable this warning
[INFO ] 2022-07-19 17:20:34.001 : o.s.b.d.a.OptionalLiveReloadServer - LiveReload server is running on port 35729
[INFO ] 2022-07-19 17:20:34.001 :      o.a.c.h.Http11NioProtocol - Starting ProtocolHandler ["http-nio-8080"]
[INFO ] 2022-07-19 17:20:34.032 :    o.s.b.w.e.t.TomcatWebServer - Tomcat started on port(s): 8080 (http) with context path ''
[INFO ] 2022-07-19 17:20:34.048 :   c.e.l.LoingTestApplicationKt - Started LoingTestApplicationKt in 3.27 seconds (JVM running for 4.284)
[INFO ] 2022-07-19 17:26:36.411 :              o.a.c.c.C.[.[.[/] - Initializing Spring DispatcherServlet 'dispatcherServlet'
[INFO ] 2022-07-19 17:26:36.412 :      o.s.w.s.DispatcherServlet - Initializing Servlet 'dispatcherServlet'
[INFO ] 2022-07-19 17:26:36.414 :      o.s.w.s.DispatcherServlet - Completed initialization in 1 ms
[INFO ] 2022-07-19 17:28:31.057 : o.s.o.j.LocalContainerEntityManagerFactoryBean - Closing JPA EntityManagerFactory for persistence unit 'default'
[INFO ] 2022-07-19 17:28:31.057 :         c.z.h.HikariDataSource - HikariPool-1 - Shutdown initiated...
[INFO ] 2022-07-19 17:28:31.072 :         c.z.h.HikariDataSource - HikariPool-1 - Shutdown completed.
[INFO ] 2022-07-19 17:28:36.067 :           o.s.n.NativeListener - AOT mode disabled
[INFO ] 2022-07-19 17:28:36.114 :   c.e.l.LoingTestApplicationKt - Starting LoingTestApplicationKt using Java 11.0.15 on AL01366972 with PID 3736 (C:\Users\USER\IdeaProjects\loingTest\build\classes\kotlin\main started by USER in C:\Users\USER\IdeaProjects\loingTest)
[INFO ] 2022-07-19 17:28:36.129 :   c.e.l.LoingTestApplicationKt - No active profile set, falling back to 1 default profile: "default"
[INFO ] 2022-07-19 17:28:36.176 : o.s.b.d.e.DevToolsPropertyDefaultsPostProcessor - Devtools property defaults active! Set 'spring.devtools.add-properties' to 'false' to disable
[INFO ] 2022-07-19 17:28:36.176 : o.s.b.d.e.DevToolsPropertyDefaultsPostProcessor - For additional web related logging consider setting the 'logging.level.web' property to 'DEBUG'
[INFO ] 2022-07-19 17:28:36.812 : o.s.d.r.c.RepositoryConfigurationDelegate - Bootstrapping Spring Data JPA repositories in DEFAULT mode.
[INFO ] 2022-07-19 17:28:36.874 : o.s.d.r.c.RepositoryConfigurationDelegate - Finished Spring Data repository scanning in 57 ms. Found 1 JPA repository interfaces.
[INFO ] 2022-07-19 17:28:37.427 :    o.s.b.w.e.t.TomcatWebServer - Tomcat initialized with port(s): 8080 (http)
[INFO ] 2022-07-19 17:28:37.443 :      o.a.c.h.Http11NioProtocol - Initializing ProtocolHandler ["http-nio-8080"]
[INFO ] 2022-07-19 17:28:37.443 :        o.a.c.c.StandardService - Starting service [Tomcat]
[INFO ] 2022-07-19 17:28:37.443 :         o.a.c.c.StandardEngine - Starting Servlet engine: [Apache Tomcat/9.0.64]
[INFO ] 2022-07-19 17:28:37.552 :              o.a.c.c.C.[.[.[/] - Initializing Spring embedded WebApplicationContext
[INFO ] 2022-07-19 17:28:37.552 : o.s.b.w.s.c.ServletWebServerApplicationContext - Root WebApplicationContext: initialization completed in 1376 ms
[INFO ] 2022-07-19 17:28:37.708 :            o.h.j.i.u.LogHelper - HHH000204: Processing PersistenceUnitInfo [name: default]
[INFO ] 2022-07-19 17:28:37.755 :                    o.h.Version - HHH000412: Hibernate ORM core version 5.6.9.Final
[INFO ] 2022-07-19 17:28:37.801 :                o.h.a.c.Version - HCANN000001: Hibernate Commons Annotations {5.1.2.Final}
[INFO ] 2022-07-19 17:28:37.894 :         c.z.h.HikariDataSource - HikariPool-1 - Starting...
[INFO ] 2022-07-19 17:28:38.160 :         c.z.h.HikariDataSource - HikariPool-1 - Start completed.
[INFO ] 2022-07-19 17:28:38.175 :                  o.h.d.Dialect - HHH000400: Using dialect: org.hibernate.dialect.MySQL8Dialect
[INFO ] 2022-07-19 17:28:38.519 : o.h.e.t.j.p.i.JtaPlatformInitiator - HHH000490: Using JtaPlatform implementation: [org.hibernate.engine.transaction.jta.platform.internal.NoJtaPlatform]
[INFO ] 2022-07-19 17:28:38.535 : o.s.o.j.LocalContainerEntityManagerFactoryBean - Initialized JPA EntityManagerFactory for persistence unit 'default'
[WARN ] 2022-07-19 17:28:38.894 : o.s.b.a.o.j.JpaBaseConfiguration$JpaWebConfiguration - spring.jpa.open-in-view is enabled by default. Therefore, database queries may be performed during view rendering. Explicitly configure spring.jpa.open-in-view to disable this warning
[INFO ] 2022-07-19 17:28:39.229 : o.s.b.d.a.OptionalLiveReloadServer - LiveReload server is running on port 35729
[INFO ] 2022-07-19 17:28:39.244 :      o.a.c.h.Http11NioProtocol - Starting ProtocolHandler ["http-nio-8080"]
[INFO ] 2022-07-19 17:28:39.291 :    o.s.b.w.e.t.TomcatWebServer - Tomcat started on port(s): 8080 (http) with context path ''
[INFO ] 2022-07-19 17:28:39.291 :   c.e.l.LoingTestApplicationKt - Started LoingTestApplicationKt in 3.645 seconds (JVM running for 4.696)
[INFO ] 2022-07-19 17:29:21.823 :              o.a.c.c.C.[.[.[/] - Initializing Spring DispatcherServlet 'dispatcherServlet'
[INFO ] 2022-07-19 17:29:21.824 :      o.s.w.s.DispatcherServlet - Initializing Servlet 'dispatcherServlet'
[INFO ] 2022-07-19 17:29:21.825 :      o.s.w.s.DispatcherServlet - Completed initialization in 0 ms
[ERROR] 2022-07-19 17:29:21.880 : o.a.c.c.C.[.[.[.[dispatcherServlet] - Servlet.service() for servlet [dispatcherServlet] in context with path [] threw exception [Request processing failed; nested exception is org.springframework.beans.BeanInstantiationException: Failed to instantiate [com.example.loingtest.repositroy.Members]: Constructor threw exception; nested exception is java.lang.NullPointerException: Parameter specified as non-null is null: method com.example.loingtest.repositroy.Members.<init>, parameter id] with root cause
java.lang.NullPointerException: Parameter specified as non-null is null: method com.example.loingtest.repositroy.Members.<init>, parameter id
	at com.example.loingtest.repositroy.Members.<init>(Members.kt)
	at com.example.loingtest.repositroy.Members.<init>(Members.kt:10)
	at java.base/jdk.internal.reflect.NativeConstructorAccessorImpl.newInstance0(Native Method)
	at java.base/jdk.internal.reflect.NativeConstructorAccessorImpl.newInstance(NativeConstructorAccessorImpl.java:62)
	at java.base/jdk.internal.reflect.DelegatingConstructorAccessorImpl.newInstance(DelegatingConstructorAccessorImpl.java:45)
	at java.base/java.lang.reflect.Constructor.newInstance(Constructor.java:490)
	at kotlin.reflect.jvm.internal.calls.CallerImpl$Constructor.call(CallerImpl.kt:41)
	at kotlin.reflect.jvm.internal.KCallableImpl.callDefaultMethod$kotlin_reflection(KCallableImpl.kt:173)
	at kotlin.reflect.jvm.internal.KCallableImpl.callBy(KCallableImpl.kt:112)
	at org.springframework.beans.BeanUtils$KotlinDelegate.instantiateClass(BeanUtils.java:892)
	at org.springframework.beans.BeanUtils.instantiateClass(BeanUtils.java:196)
	at org.springframework.web.method.annotation.ModelAttributeMethodProcessor.constructAttribute(ModelAttributeMethodProcessor.java:332)
	at org.springframework.web.method.annotation.ModelAttributeMethodProcessor.createAttribute(ModelAttributeMethodProcessor.java:220)
	at org.springframework.web.servlet.mvc.method.annotation.ServletModelAttributeMethodProcessor.createAttribute(ServletModelAttributeMethodProcessor.java:85)
	at org.springframework.web.method.annotation.ModelAttributeMethodProcessor.resolveArgument(ModelAttributeMethodProcessor.java:147)
	at org.springframework.web.method.support.HandlerMethodArgumentResolverComposite.resolveArgument(HandlerMethodArgumentResolverComposite.java:122)
	at org.springframework.web.method.support.InvocableHandlerMethod.getMethodArgumentValues(InvocableHandlerMethod.java:179)
	at org.springframework.web.method.support.InvocableHandlerMethod.invokeForRequest(InvocableHandlerMethod.java:146)
	at org.springframework.web.servlet.mvc.method.annotation.ServletInvocableHandlerMethod.invokeAndHandle(ServletInvocableHandlerMethod.java:117)
	at org.springframework.web.servlet.mvc.method.annotation.RequestMappingHandlerAdapter.invokeHandlerMethod(RequestMappingHandlerAdapter.java:895)
	at org.springframework.web.servlet.mvc.method.annotation.RequestMappingHandlerAdapter.handleInternal(RequestMappingHandlerAdapter.java:808)
	at org.springframework.web.servlet.mvc.method.AbstractHandlerMethodAdapter.handle(AbstractHandlerMethodAdapter.java:87)
	at org.springframework.web.servlet.DispatcherServlet.doDispatch(DispatcherServlet.java:1067)
	at org.springframework.web.servlet.DispatcherServlet.doService(DispatcherServlet.java:963)
	at org.springframework.web.servlet.FrameworkServlet.processRequest(FrameworkServlet.java:1006)
	at org.springframework.web.servlet.FrameworkServlet.doPost(FrameworkServlet.java:909)
	at javax.servlet.http.HttpServlet.service(HttpServlet.java:681)
	at org.springframework.web.servlet.FrameworkServlet.service(FrameworkServlet.java:883)
	at javax.servlet.http.HttpServlet.service(HttpServlet.java:764)
	at org.apache.catalina.core.ApplicationFilterChain.internalDoFilter(ApplicationFilterChain.java:227)
	at org.apache.catalina.core.ApplicationFilterChain.doFilter(ApplicationFilterChain.java:162)
	at org.apache.tomcat.websocket.server.WsFilter.doFilter(WsFilter.java:53)
	at org.apache.catalina.core.ApplicationFilterChain.internalDoFilter(ApplicationFilterChain.java:189)
	at org.apache.catalina.core.ApplicationFilterChain.doFilter(ApplicationFilterChain.java:162)
	at org.springframework.web.filter.RequestContextFilter.doFilterInternal(RequestContextFilter.java:100)
	at org.springframework.web.filter.OncePerRequestFilter.doFilter(OncePerRequestFilter.java:117)
	at org.apache.catalina.core.ApplicationFilterChain.internalDoFilter(ApplicationFilterChain.java:189)
	at org.apache.catalina.core.ApplicationFilterChain.doFilter(ApplicationFilterChain.java:162)
	at org.springframework.web.filter.FormContentFilter.doFilterInternal(FormContentFilter.java:93)
	at org.springframework.web.filter.OncePerRequestFilter.doFilter(OncePerRequestFilter.java:117)
	at org.apache.catalina.core.ApplicationFilterChain.internalDoFilter(ApplicationFilterChain.java:189)
	at org.apache.catalina.core.ApplicationFilterChain.doFilter(ApplicationFilterChain.java:162)
	at org.springframework.web.filter.CharacterEncodingFilter.doFilterInternal(CharacterEncodingFilter.java:201)
	at org.springframework.web.filter.OncePerRequestFilter.doFilter(OncePerRequestFilter.java:117)
	at org.apache.catalina.core.ApplicationFilterChain.internalDoFilter(ApplicationFilterChain.java:189)
	at org.apache.catalina.core.ApplicationFilterChain.doFilter(ApplicationFilterChain.java:162)
	at org.apache.catalina.core.StandardWrapperValve.invoke(StandardWrapperValve.java:197)
	at org.apache.catalina.core.StandardContextValve.invoke(StandardContextValve.java:97)
	at org.apache.catalina.authenticator.AuthenticatorBase.invoke(AuthenticatorBase.java:541)
	at org.apache.catalina.core.StandardHostValve.invoke(StandardHostValve.java:135)
	at org.apache.catalina.valves.ErrorReportValve.invoke(ErrorReportValve.java:92)
	at org.apache.catalina.core.StandardEngineValve.invoke(StandardEngineValve.java:78)
	at org.apache.catalina.connector.CoyoteAdapter.service(CoyoteAdapter.java:360)
	at org.apache.coyote.http11.Http11Processor.service(Http11Processor.java:399)
	at org.apache.coyote.AbstractProcessorLight.process(AbstractProcessorLight.java:65)
	at org.apache.coyote.AbstractProtocol$ConnectionHandler.process(AbstractProtocol.java:890)
	at org.apache.tomcat.util.net.NioEndpoint$SocketProcessor.doRun(NioEndpoint.java:1787)
	at org.apache.tomcat.util.net.SocketProcessorBase.run(SocketProcessorBase.java:49)
	at org.apache.tomcat.util.threads.ThreadPoolExecutor.runWorker(ThreadPoolExecutor.java:1191)
	at org.apache.tomcat.util.threads.ThreadPoolExecutor$Worker.run(ThreadPoolExecutor.java:659)
	at org.apache.tomcat.util.threads.TaskThread$WrappingRunnable.run(TaskThread.java:61)
	at java.base/java.lang.Thread.run(Thread.java:829)
[ERROR] 2022-07-19 17:31:54.932 : o.a.c.c.C.[.[.[.[dispatcherServlet] - Servlet.service() for servlet [dispatcherServlet] in context with path [] threw exception [Request processing failed; nested exception is org.springframework.beans.BeanInstantiationException: Failed to instantiate [com.example.loingtest.repositroy.Members]: Constructor threw exception; nested exception is java.lang.NullPointerException: Parameter specified as non-null is null: method com.example.loingtest.repositroy.Members.<init>, parameter id] with root cause
java.lang.NullPointerException: Parameter specified as non-null is null: method com.example.loingtest.repositroy.Members.<init>, parameter id
	at com.example.loingtest.repositroy.Members.<init>(Members.kt)
	at com.example.loingtest.repositroy.Members.<init>(Members.kt:10)
	at java.base/jdk.internal.reflect.NativeConstructorAccessorImpl.newInstance0(Native Method)
	at java.base/jdk.internal.reflect.NativeConstructorAccessorImpl.newInstance(NativeConstructorAccessorImpl.java:62)
	at java.base/jdk.internal.reflect.DelegatingConstructorAccessorImpl.newInstance(DelegatingConstructorAccessorImpl.java:45)
	at java.base/java.lang.reflect.Constructor.newInstance(Constructor.java:490)
	at kotlin.reflect.jvm.internal.calls.CallerImpl$Constructor.call(CallerImpl.kt:41)
	at kotlin.reflect.jvm.internal.KCallableImpl.callDefaultMethod$kotlin_reflection(KCallableImpl.kt:173)
	at kotlin.reflect.jvm.internal.KCallableImpl.callBy(KCallableImpl.kt:112)
	at org.springframework.beans.BeanUtils$KotlinDelegate.instantiateClass(BeanUtils.java:892)
	at org.springframework.beans.BeanUtils.instantiateClass(BeanUtils.java:196)
	at org.springframework.web.method.annotation.ModelAttributeMethodProcessor.constructAttribute(ModelAttributeMethodProcessor.java:332)
	at org.springframework.web.method.annotation.ModelAttributeMethodProcessor.createAttribute(ModelAttributeMethodProcessor.java:220)
	at org.springframework.web.servlet.mvc.method.annotation.ServletModelAttributeMethodProcessor.createAttribute(ServletModelAttributeMethodProcessor.java:85)
	at org.springframework.web.method.annotation.ModelAttributeMethodProcessor.resolveArgument(ModelAttributeMethodProcessor.java:147)
	at org.springframework.web.method.support.HandlerMethodArgumentResolverComposite.resolveArgument(HandlerMethodArgumentResolverComposite.java:122)
	at org.springframework.web.method.support.InvocableHandlerMethod.getMethodArgumentValues(InvocableHandlerMethod.java:179)
	at org.springframework.web.method.support.InvocableHandlerMethod.invokeForRequest(InvocableHandlerMethod.java:146)
	at org.springframework.web.servlet.mvc.method.annotation.ServletInvocableHandlerMethod.invokeAndHandle(ServletInvocableHandlerMethod.java:117)
	at org.springframework.web.servlet.mvc.method.annotation.RequestMappingHandlerAdapter.invokeHandlerMethod(RequestMappingHandlerAdapter.java:895)
	at org.springframework.web.servlet.mvc.method.annotation.RequestMappingHandlerAdapter.handleInternal(RequestMappingHandlerAdapter.java:808)
	at org.springframework.web.servlet.mvc.method.AbstractHandlerMethodAdapter.handle(AbstractHandlerMethodAdapter.java:87)
	at org.springframework.web.servlet.DispatcherServlet.doDispatch(DispatcherServlet.java:1067)
	at org.springframework.web.servlet.DispatcherServlet.doService(DispatcherServlet.java:963)
	at org.springframework.web.servlet.FrameworkServlet.processRequest(FrameworkServlet.java:1006)
	at org.springframework.web.servlet.FrameworkServlet.doPost(FrameworkServlet.java:909)
	at javax.servlet.http.HttpServlet.service(HttpServlet.java:681)
	at org.springframework.web.servlet.FrameworkServlet.service(FrameworkServlet.java:883)
	at javax.servlet.http.HttpServlet.service(HttpServlet.java:764)
	at org.apache.catalina.core.ApplicationFilterChain.internalDoFilter(ApplicationFilterChain.java:227)
	at org.apache.catalina.core.ApplicationFilterChain.doFilter(ApplicationFilterChain.java:162)
	at org.apache.tomcat.websocket.server.WsFilter.doFilter(WsFilter.java:53)
	at org.apache.catalina.core.ApplicationFilterChain.internalDoFilter(ApplicationFilterChain.java:189)
	at org.apache.catalina.core.ApplicationFilterChain.doFilter(ApplicationFilterChain.java:162)
	at org.springframework.web.filter.RequestContextFilter.doFilterInternal(RequestContextFilter.java:100)
	at org.springframework.web.filter.OncePerRequestFilter.doFilter(OncePerRequestFilter.java:117)
	at org.apache.catalina.core.ApplicationFilterChain.internalDoFilter(ApplicationFilterChain.java:189)
	at org.apache.catalina.core.ApplicationFilterChain.doFilter(ApplicationFilterChain.java:162)
	at org.springframework.web.filter.FormContentFilter.doFilterInternal(FormContentFilter.java:93)
	at org.springframework.web.filter.OncePerRequestFilter.doFilter(OncePerRequestFilter.java:117)
	at org.apache.catalina.core.ApplicationFilterChain.internalDoFilter(ApplicationFilterChain.java:189)
	at org.apache.catalina.core.ApplicationFilterChain.doFilter(ApplicationFilterChain.java:162)
	at org.springframework.web.filter.CharacterEncodingFilter.doFilterInternal(CharacterEncodingFilter.java:201)
	at org.springframework.web.filter.OncePerRequestFilter.doFilter(OncePerRequestFilter.java:117)
	at org.apache.catalina.core.ApplicationFilterChain.internalDoFilter(ApplicationFilterChain.java:189)
	at org.apache.catalina.core.ApplicationFilterChain.doFilter(ApplicationFilterChain.java:162)
	at org.apache.catalina.core.StandardWrapperValve.invoke(StandardWrapperValve.java:197)
	at org.apache.catalina.core.StandardContextValve.invoke(StandardContextValve.java:97)
	at org.apache.catalina.authenticator.AuthenticatorBase.invoke(AuthenticatorBase.java:541)
	at org.apache.catalina.core.StandardHostValve.invoke(StandardHostValve.java:135)
	at org.apache.catalina.valves.ErrorReportValve.invoke(ErrorReportValve.java:92)
	at org.apache.catalina.core.StandardEngineValve.invoke(StandardEngineValve.java:78)
	at org.apache.catalina.connector.CoyoteAdapter.service(CoyoteAdapter.java:360)
	at org.apache.coyote.http11.Http11Processor.service(Http11Processor.java:399)
	at org.apache.coyote.AbstractProcessorLight.process(AbstractProcessorLight.java:65)
	at org.apache.coyote.AbstractProtocol$ConnectionHandler.process(AbstractProtocol.java:890)
	at org.apache.tomcat.util.net.NioEndpoint$SocketProcessor.doRun(NioEndpoint.java:1787)
	at org.apache.tomcat.util.net.SocketProcessorBase.run(SocketProcessorBase.java:49)
	at org.apache.tomcat.util.threads.ThreadPoolExecutor.runWorker(ThreadPoolExecutor.java:1191)
	at org.apache.tomcat.util.threads.ThreadPoolExecutor$Worker.run(ThreadPoolExecutor.java:659)
	at org.apache.tomcat.util.threads.TaskThread$WrappingRunnable.run(TaskThread.java:61)
	at java.base/java.lang.Thread.run(Thread.java:829)
[ERROR] 2022-07-19 17:41:28.884 : o.a.c.c.C.[.[.[.[dispatcherServlet] - Servlet.service() for servlet [dispatcherServlet] in context with path [] threw exception [Request processing failed; nested exception is org.springframework.beans.BeanInstantiationException: Failed to instantiate [com.example.loingtest.repositroy.Members]: Constructor threw exception; nested exception is java.lang.NullPointerException: Parameter specified as non-null is null: method com.example.loingtest.repositroy.Members.<init>, parameter id] with root cause
java.lang.NullPointerException: Parameter specified as non-null is null: method com.example.loingtest.repositroy.Members.<init>, parameter id
	at com.example.loingtest.repositroy.Members.<init>(Members.kt)
	at com.example.loingtest.repositroy.Members.<init>(Members.kt:10)
	at java.base/jdk.internal.reflect.NativeConstructorAccessorImpl.newInstance0(Native Method)
	at java.base/jdk.internal.reflect.NativeConstructorAccessorImpl.newInstance(NativeConstructorAccessorImpl.java:62)
	at java.base/jdk.internal.reflect.DelegatingConstructorAccessorImpl.newInstance(DelegatingConstructorAccessorImpl.java:45)
	at java.base/java.lang.reflect.Constructor.newInstance(Constructor.java:490)
	at kotlin.reflect.jvm.internal.calls.CallerImpl$Constructor.call(CallerImpl.kt:41)
	at kotlin.reflect.jvm.internal.KCallableImpl.callDefaultMethod$kotlin_reflection(KCallableImpl.kt:173)
	at kotlin.reflect.jvm.internal.KCallableImpl.callBy(KCallableImpl.kt:112)
	at org.springframework.beans.BeanUtils$KotlinDelegate.instantiateClass(BeanUtils.java:892)
	at org.springframework.beans.BeanUtils.instantiateClass(BeanUtils.java:196)
	at org.springframework.web.method.annotation.ModelAttributeMethodProcessor.constructAttribute(ModelAttributeMethodProcessor.java:332)
	at org.springframework.web.method.annotation.ModelAttributeMethodProcessor.createAttribute(ModelAttributeMethodProcessor.java:220)
	at org.springframework.web.servlet.mvc.method.annotation.ServletModelAttributeMethodProcessor.createAttribute(ServletModelAttributeMethodProcessor.java:85)
	at org.springframework.web.method.annotation.ModelAttributeMethodProcessor.resolveArgument(ModelAttributeMethodProcessor.java:147)
	at org.springframework.web.method.support.HandlerMethodArgumentResolverComposite.resolveArgument(HandlerMethodArgumentResolverComposite.java:122)
	at org.springframework.web.method.support.InvocableHandlerMethod.getMethodArgumentValues(InvocableHandlerMethod.java:179)
	at org.springframework.web.method.support.InvocableHandlerMethod.invokeForRequest(InvocableHandlerMethod.java:146)
	at org.springframework.web.servlet.mvc.method.annotation.ServletInvocableHandlerMethod.invokeAndHandle(ServletInvocableHandlerMethod.java:117)
	at org.springframework.web.servlet.mvc.method.annotation.RequestMappingHandlerAdapter.invokeHandlerMethod(RequestMappingHandlerAdapter.java:895)
	at org.springframework.web.servlet.mvc.method.annotation.RequestMappingHandlerAdapter.handleInternal(RequestMappingHandlerAdapter.java:808)
	at org.springframework.web.servlet.mvc.method.AbstractHandlerMethodAdapter.handle(AbstractHandlerMethodAdapter.java:87)
	at org.springframework.web.servlet.DispatcherServlet.doDispatch(DispatcherServlet.java:1067)
	at org.springframework.web.servlet.DispatcherServlet.doService(DispatcherServlet.java:963)
	at org.springframework.web.servlet.FrameworkServlet.processRequest(FrameworkServlet.java:1006)
	at org.springframework.web.servlet.FrameworkServlet.doPost(FrameworkServlet.java:909)
	at javax.servlet.http.HttpServlet.service(HttpServlet.java:681)
	at org.springframework.web.servlet.FrameworkServlet.service(FrameworkServlet.java:883)
	at javax.servlet.http.HttpServlet.service(HttpServlet.java:764)
	at org.apache.catalina.core.ApplicationFilterChain.internalDoFilter(ApplicationFilterChain.java:227)
	at org.apache.catalina.core.ApplicationFilterChain.doFilter(ApplicationFilterChain.java:162)
	at org.apache.tomcat.websocket.server.WsFilter.doFilter(WsFilter.java:53)
	at org.apache.catalina.core.ApplicationFilterChain.internalDoFilter(ApplicationFilterChain.java:189)
	at org.apache.catalina.core.ApplicationFilterChain.doFilter(ApplicationFilterChain.java:162)
	at org.springframework.web.filter.RequestContextFilter.doFilterInternal(RequestContextFilter.java:100)
	at org.springframework.web.filter.OncePerRequestFilter.doFilter(OncePerRequestFilter.java:117)
	at org.apache.catalina.core.ApplicationFilterChain.internalDoFilter(ApplicationFilterChain.java:189)
	at org.apache.catalina.core.ApplicationFilterChain.doFilter(ApplicationFilterChain.java:162)
	at org.springframework.web.filter.FormContentFilter.doFilterInternal(FormContentFilter.java:93)
	at org.springframework.web.filter.OncePerRequestFilter.doFilter(OncePerRequestFilter.java:117)
	at org.apache.catalina.core.ApplicationFilterChain.internalDoFilter(ApplicationFilterChain.java:189)
	at org.apache.catalina.core.ApplicationFilterChain.doFilter(ApplicationFilterChain.java:162)
	at org.springframework.web.filter.CharacterEncodingFilter.doFilterInternal(CharacterEncodingFilter.java:201)
	at org.springframework.web.filter.OncePerRequestFilter.doFilter(OncePerRequestFilter.java:117)
	at org.apache.catalina.core.ApplicationFilterChain.internalDoFilter(ApplicationFilterChain.java:189)
	at org.apache.catalina.core.ApplicationFilterChain.doFilter(ApplicationFilterChain.java:162)
	at org.apache.catalina.core.StandardWrapperValve.invoke(StandardWrapperValve.java:197)
	at org.apache.catalina.core.StandardContextValve.invoke(StandardContextValve.java:97)
	at org.apache.catalina.authenticator.AuthenticatorBase.invoke(AuthenticatorBase.java:541)
	at org.apache.catalina.core.StandardHostValve.invoke(StandardHostValve.java:135)
	at org.apache.catalina.valves.ErrorReportValve.invoke(ErrorReportValve.java:92)
	at org.apache.catalina.core.StandardEngineValve.invoke(StandardEngineValve.java:78)
	at org.apache.catalina.connector.CoyoteAdapter.service(CoyoteAdapter.java:360)
	at org.apache.coyote.http11.Http11Processor.service(Http11Processor.java:399)
	at org.apache.coyote.AbstractProcessorLight.process(AbstractProcessorLight.java:65)
	at org.apache.coyote.AbstractProtocol$ConnectionHandler.process(AbstractProtocol.java:890)
	at org.apache.tomcat.util.net.NioEndpoint$SocketProcessor.doRun(NioEndpoint.java:1787)
	at org.apache.tomcat.util.net.SocketProcessorBase.run(SocketProcessorBase.java:49)
	at org.apache.tomcat.util.threads.ThreadPoolExecutor.runWorker(ThreadPoolExecutor.java:1191)
	at org.apache.tomcat.util.threads.ThreadPoolExecutor$Worker.run(ThreadPoolExecutor.java:659)
	at org.apache.tomcat.util.threads.TaskThread$WrappingRunnable.run(TaskThread.java:61)
	at java.base/java.lang.Thread.run(Thread.java:829)
[ERROR] 2022-07-19 17:42:15.612 : o.a.c.c.C.[.[.[.[dispatcherServlet] - Servlet.service() for servlet [dispatcherServlet] in context with path [] threw exception [Request processing failed; nested exception is org.springframework.beans.BeanInstantiationException: Failed to instantiate [com.example.loingtest.repositroy.Members]: Constructor threw exception; nested exception is java.lang.NullPointerException: Parameter specified as non-null is null: method com.example.loingtest.repositroy.Members.<init>, parameter id] with root cause
java.lang.NullPointerException: Parameter specified as non-null is null: method com.example.loingtest.repositroy.Members.<init>, parameter id
	at com.example.loingtest.repositroy.Members.<init>(Members.kt)
	at com.example.loingtest.repositroy.Members.<init>(Members.kt:10)
	at java.base/jdk.internal.reflect.NativeConstructorAccessorImpl.newInstance0(Native Method)
	at java.base/jdk.internal.reflect.NativeConstructorAccessorImpl.newInstance(NativeConstructorAccessorImpl.java:62)
	at java.base/jdk.internal.reflect.DelegatingConstructorAccessorImpl.newInstance(DelegatingConstructorAccessorImpl.java:45)
	at java.base/java.lang.reflect.Constructor.newInstance(Constructor.java:490)
	at kotlin.reflect.jvm.internal.calls.CallerImpl$Constructor.call(CallerImpl.kt:41)
	at kotlin.reflect.jvm.internal.KCallableImpl.callDefaultMethod$kotlin_reflection(KCallableImpl.kt:173)
	at kotlin.reflect.jvm.internal.KCallableImpl.callBy(KCallableImpl.kt:112)
	at org.springframework.beans.BeanUtils$KotlinDelegate.instantiateClass(BeanUtils.java:892)
	at org.springframework.beans.BeanUtils.instantiateClass(BeanUtils.java:196)
	at org.springframework.web.method.annotation.ModelAttributeMethodProcessor.constructAttribute(ModelAttributeMethodProcessor.java:332)
	at org.springframework.web.method.annotation.ModelAttributeMethodProcessor.createAttribute(ModelAttributeMethodProcessor.java:220)
	at org.springframework.web.servlet.mvc.method.annotation.ServletModelAttributeMethodProcessor.createAttribute(ServletModelAttributeMethodProcessor.java:85)
	at org.springframework.web.method.annotation.ModelAttributeMethodProcessor.resolveArgument(ModelAttributeMethodProcessor.java:147)
	at org.springframework.web.method.support.HandlerMethodArgumentResolverComposite.resolveArgument(HandlerMethodArgumentResolverComposite.java:122)
	at org.springframework.web.method.support.InvocableHandlerMethod.getMethodArgumentValues(InvocableHandlerMethod.java:179)
	at org.springframework.web.method.support.InvocableHandlerMethod.invokeForRequest(InvocableHandlerMethod.java:146)
	at org.springframework.web.servlet.mvc.method.annotation.ServletInvocableHandlerMethod.invokeAndHandle(ServletInvocableHandlerMethod.java:117)
	at org.springframework.web.servlet.mvc.method.annotation.RequestMappingHandlerAdapter.invokeHandlerMethod(RequestMappingHandlerAdapter.java:895)
	at org.springframework.web.servlet.mvc.method.annotation.RequestMappingHandlerAdapter.handleInternal(RequestMappingHandlerAdapter.java:808)
	at org.springframework.web.servlet.mvc.method.AbstractHandlerMethodAdapter.handle(AbstractHandlerMethodAdapter.java:87)
	at org.springframework.web.servlet.DispatcherServlet.doDispatch(DispatcherServlet.java:1067)
	at org.springframework.web.servlet.DispatcherServlet.doService(DispatcherServlet.java:963)
	at org.springframework.web.servlet.FrameworkServlet.processRequest(FrameworkServlet.java:1006)
	at org.springframework.web.servlet.FrameworkServlet.doPost(FrameworkServlet.java:909)
	at javax.servlet.http.HttpServlet.service(HttpServlet.java:681)
	at org.springframework.web.servlet.FrameworkServlet.service(FrameworkServlet.java:883)
	at javax.servlet.http.HttpServlet.service(HttpServlet.java:764)
	at org.apache.catalina.core.ApplicationFilterChain.internalDoFilter(ApplicationFilterChain.java:227)
	at org.apache.catalina.core.ApplicationFilterChain.doFilter(ApplicationFilterChain.java:162)
	at org.apache.tomcat.websocket.server.WsFilter.doFilter(WsFilter.java:53)
	at org.apache.catalina.core.ApplicationFilterChain.internalDoFilter(ApplicationFilterChain.java:189)
	at org.apache.catalina.core.ApplicationFilterChain.doFilter(ApplicationFilterChain.java:162)
	at org.springframework.web.filter.RequestContextFilter.doFilterInternal(RequestContextFilter.java:100)
	at org.springframework.web.filter.OncePerRequestFilter.doFilter(OncePerRequestFilter.java:117)
	at org.apache.catalina.core.ApplicationFilterChain.internalDoFilter(ApplicationFilterChain.java:189)
	at org.apache.catalina.core.ApplicationFilterChain.doFilter(ApplicationFilterChain.java:162)
	at org.springframework.web.filter.FormContentFilter.doFilterInternal(FormContentFilter.java:93)
	at org.springframework.web.filter.OncePerRequestFilter.doFilter(OncePerRequestFilter.java:117)
	at org.apache.catalina.core.ApplicationFilterChain.internalDoFilter(ApplicationFilterChain.java:189)
	at org.apache.catalina.core.ApplicationFilterChain.doFilter(ApplicationFilterChain.java:162)
	at org.springframework.web.filter.CharacterEncodingFilter.doFilterInternal(CharacterEncodingFilter.java:201)
	at org.springframework.web.filter.OncePerRequestFilter.doFilter(OncePerRequestFilter.java:117)
	at org.apache.catalina.core.ApplicationFilterChain.internalDoFilter(ApplicationFilterChain.java:189)
	at org.apache.catalina.core.ApplicationFilterChain.doFilter(ApplicationFilterChain.java:162)
	at org.apache.catalina.core.StandardWrapperValve.invoke(StandardWrapperValve.java:197)
	at org.apache.catalina.core.StandardContextValve.invoke(StandardContextValve.java:97)
	at org.apache.catalina.authenticator.AuthenticatorBase.invoke(AuthenticatorBase.java:541)
	at org.apache.catalina.core.StandardHostValve.invoke(StandardHostValve.java:135)
	at org.apache.catalina.valves.ErrorReportValve.invoke(ErrorReportValve.java:92)
	at org.apache.catalina.core.StandardEngineValve.invoke(StandardEngineValve.java:78)
	at org.apache.catalina.connector.CoyoteAdapter.service(CoyoteAdapter.java:360)
	at org.apache.coyote.http11.Http11Processor.service(Http11Processor.java:399)
	at org.apache.coyote.AbstractProcessorLight.process(AbstractProcessorLight.java:65)
	at org.apache.coyote.AbstractProtocol$ConnectionHandler.process(AbstractProtocol.java:890)
	at org.apache.tomcat.util.net.NioEndpoint$SocketProcessor.doRun(NioEndpoint.java:1787)
	at org.apache.tomcat.util.net.SocketProcessorBase.run(SocketProcessorBase.java:49)
	at org.apache.tomcat.util.threads.ThreadPoolExecutor.runWorker(ThreadPoolExecutor.java:1191)
	at org.apache.tomcat.util.threads.ThreadPoolExecutor$Worker.run(ThreadPoolExecutor.java:659)
	at org.apache.tomcat.util.threads.TaskThread$WrappingRunnable.run(TaskThread.java:61)
	at java.base/java.lang.Thread.run(Thread.java:829)
[WARN ] 2022-07-19 18:19:07.962 :             c.z.h.p.HikariPool - HikariPool-1 - Thread starvation or clock leap detected (housekeeper delta=5m28s859ms680µs500ns).
